2019-09-22 18:07:25.403 [restartedMain] INFO  web.template.TemplateApplication - Starting TemplateApplication on DESKTOP-3UIND36 with PID 10496 (D:\git_project\myhelper\java\web\target\classes started by admin in D:\git_project\myhelper\java\web)
2019-09-22 18:07:25.404 [restartedMain] INFO  web.template.TemplateApplication - No active profile set, falling back to default profiles: default
2019-09-22 18:07:25.407 [restartedMain] INFO  o.s.b.w.s.c.AnnotationConfigServletWebServerApplicationContext - Refreshing org.springframework.boot.web.servlet.context.AnnotationConfigServletWebServerApplicationContext@2c49a687: startup date [Sun Sep 22 18:07:25 CST 2019]; root of context hierarchy
2019-09-22 18:07:25.878 [restartedMain] INFO  o.s.c.s.PostProcessorRegistrationDelegate$BeanPostProcessorChecker - Bean 'org.springframework.transaction.annotation.ProxyTransactionManagementConfiguration' of type [org.springframework.transaction.annotation.ProxyTransactionManagementConfiguration$$EnhancerBySpringCGLIB$$eac101bf] is not eligible for getting processed by all BeanPostProcessors (for example: not eligible for auto-proxying)
2019-09-22 18:07:25.882 [restartedMain] INFO  o.s.c.s.PostProcessorRegistrationDelegate$BeanPostProcessorChecker - Bean 'beans' of type [web.template.config.Beans$$EnhancerBySpringCGLIB$$71c3b915] is not eligible for getting processed by all BeanPostProcessors (for example: not eligible for auto-proxying)
2019-09-22 18:07:26.022 [restartedMain] INFO  o.s.c.s.PostProcessorRegistrationDelegate$BeanPostProcessorChecker - Bean 'snowFlakeHelper' of type [com.txj.common.SnowFlakeHelper] is not eligible for getting processed by all BeanPostProcessors (for example: not eligible for auto-proxying)
2019-09-22 18:07:26.027 [restartedMain] INFO  o.s.c.s.PostProcessorRegistrationDelegate$BeanPostProcessorChecker - Bean 'myBatisDb1Config' of type [web.template.config.MyBatisDb1Config$$EnhancerBySpringCGLIB$$c19d4ef8] is not eligible for getting processed by all BeanPostProcessors (for example: not eligible for auto-proxying)
2019-09-22 18:07:26.037 [restartedMain] INFO  o.s.c.s.PostProcessorRegistrationDelegate$BeanPostProcessorChecker - Bean 'org.springframework.boot.context.properties.ConversionServiceDeducer$Factory' of type [org.springframework.boot.context.properties.ConversionServiceDeducer$Factory] is not eligible for getting processed by all BeanPostProcessors (for example: not eligible for auto-proxying)
2019-09-22 18:07:26.041 [restartedMain] INFO  o.s.c.s.PostProcessorRegistrationDelegate$BeanPostProcessorChecker - Bean 'db1DataSourceProperties' of type [org.springframework.boot.autoconfigure.jdbc.DataSourceProperties] is not eligible for getting processed by all BeanPostProcessors (for example: not eligible for auto-proxying)
2019-09-22 18:07:26.042 [restartedMain] INFO  o.s.c.s.PostProcessorRegistrationDelegate$BeanPostProcessorChecker - Bean 'db1DataSource' of type [com.alibaba.druid.pool.DruidDataSource] is not eligible for getting processed by all BeanPostProcessors (for example: not eligible for auto-proxying)
2019-09-22 18:07:26.046 [restartedMain] INFO  o.s.c.s.PostProcessorRegistrationDelegate$BeanPostProcessorChecker - Bean 'org.springframework.boot.autoconfigure.jdbc.DataSourceInitializerInvoker' of type [org.springframework.boot.autoconfigure.jdbc.DataSourceInitializerInvoker] is not eligible for getting processed by all BeanPostProcessors (for example: not eligible for auto-proxying)
2019-09-22 18:07:26.108 [restartedMain] INFO  o.s.c.s.PostProcessorRegistrationDelegate$BeanPostProcessorChecker - Bean 'db1SqlSessionFactory' of type [org.apache.ibatis.session.defaults.DefaultSqlSessionFactory] is not eligible for getting processed by all BeanPostProcessors (for example: not eligible for auto-proxying)
2019-09-22 18:07:26.109 [restartedMain] INFO  o.s.c.s.PostProcessorRegistrationDelegate$BeanPostProcessorChecker - Bean 'db1SqlSessionTemplate' of type [org.mybatis.spring.SqlSessionTemplate] is not eligible for getting processed by all BeanPostProcessors (for example: not eligible for auto-proxying)
2019-09-22 18:07:26.109 [restartedMain] INFO  o.s.c.s.PostProcessorRegistrationDelegate$BeanPostProcessorChecker - Bean 'IRobotUserMapper' of type [org.mybatis.spring.mapper.MapperFactoryBean] is not eligible for getting processed by all BeanPostProcessors (for example: not eligible for auto-proxying)
2019-09-22 18:07:26.111 [restartedMain] INFO  o.s.c.s.PostProcessorRegistrationDelegate$BeanPostProcessorChecker - Bean 'IRobotUserMapper' of type [com.sun.proxy.$Proxy109] is not eligible for getting processed by all BeanPostProcessors (for example: not eligible for auto-proxying)
2019-09-22 18:07:26.111 [restartedMain] INFO  o.s.c.s.PostProcessorRegistrationDelegate$BeanPostProcessorChecker - Bean 'IRobotUserService' of type [web.template.service.IRobotUserService] is not eligible for getting processed by all BeanPostProcessors (for example: not eligible for auto-proxying)
2019-09-22 18:07:26.111 [restartedMain] INFO  o.s.c.s.PostProcessorRegistrationDelegate$BeanPostProcessorChecker - Bean 'userRealm' of type [web.template.shiro.UserRealm] is not eligible for getting processed by all BeanPostProcessors (for example: not eligible for auto-proxying)
2019-09-22 18:07:26.115 [restartedMain] INFO  o.s.c.s.PostProcessorRegistrationDelegate$BeanPostProcessorChecker - Bean 'myPermissionResolver' of type [web.template.shiro.MyPermissionResolver] is not eligible for getting processed by all BeanPostProcessors (for example: not eligible for auto-proxying)
2019-09-22 18:07:26.116 [restartedMain] INFO  o.s.c.s.PostProcessorRegistrationDelegate$BeanPostProcessorChecker - Bean 'modularRealmAuthorizer' of type [org.apache.shiro.authz.ModularRealmAuthorizer] is not eligible for getting processed by all BeanPostProcessors (for example: not eligible for auto-proxying)
2019-09-22 18:07:26.116 [restartedMain] INFO  o.s.c.s.PostProcessorRegistrationDelegate$BeanPostProcessorChecker - Bean 'securityManager' of type [org.apache.shiro.web.mgt.DefaultWebSecurityManager] is not eligible for getting processed by all BeanPostProcessors (for example: not eligible for auto-proxying)
2019-09-22 18:07:26.131 [restartedMain] INFO  o.s.c.s.PostProcessorRegistrationDelegate$BeanPostProcessorChecker - Bean 'objectMapper' of type [com.fasterxml.jackson.databind.ObjectMapper] is not eligible for getting processed by all BeanPostProcessors (for example: not eligible for auto-proxying)
2019-09-22 18:07:26.136 [restartedMain] INFO  o.s.c.s.PostProcessorRegistrationDelegate$BeanPostProcessorChecker - Bean 'myPermissionsAuthorizationFilter' of type [web.template.shiro.MyPermissionsAuthorizationFilter] is not eligible for getting processed by all BeanPostProcessors (for example: not eligible for auto-proxying)
2019-09-22 18:07:26.183 [restartedMain] INFO  o.s.boot.web.embedded.tomcat.TomcatWebServer - Tomcat initialized with port(s): 8088 (http)
2019-09-22 18:07:26.184 [restartedMain] INFO  org.apache.catalina.core.StandardService - Starting service [Tomcat]
2019-09-22 18:07:26.185 [restartedMain] INFO  org.apache.catalina.core.StandardEngine - Starting Servlet Engine: Apache Tomcat/8.5.29
2019-09-22 18:07:26.208 [localhost-startStop-1] INFO  o.a.c.core.ContainerBase.[Tomcat].[localhost].[/] - Initializing Spring embedded WebApplicationContext
2019-09-22 18:07:26.209 [localhost-startStop-1] INFO  org.springframework.web.context.ContextLoader - Root WebApplicationContext: initialization completed in 802 ms
2019-09-22 18:07:26.227 [localhost-startStop-1] INFO  o.s.boot.web.servlet.FilterRegistrationBean - Mapping filter: 'characterEncodingFilter' to: [/*]
2019-09-22 18:07:26.227 [localhost-startStop-1] INFO  o.s.boot.web.servlet.FilterRegistrationBean - Mapping filter: 'hiddenHttpMethodFilter' to: [/*]
2019-09-22 18:07:26.228 [localhost-startStop-1] INFO  o.s.boot.web.servlet.FilterRegistrationBean - Mapping filter: 'httpPutFormContentFilter' to: [/*]
2019-09-22 18:07:26.228 [localhost-startStop-1] INFO  o.s.boot.web.servlet.FilterRegistrationBean - Mapping filter: 'requestContextFilter' to: [/*]
2019-09-22 18:07:26.228 [localhost-startStop-1] INFO  o.s.boot.web.servlet.FilterRegistrationBean - Mapping filter: 'compressFilter' to urls: [/index/loadLeftMenus, /index/loadLoginData, /*/page*, /*/export*]
2019-09-22 18:07:26.228 [localhost-startStop-1] INFO  org.apache.catalina.core.StandardContext - Suspicious url pattern: "/*/page*" in context [] - see sections 12.1 and 12.2 of the Servlet specification
2019-09-22 18:07:26.228 [localhost-startStop-1] INFO  org.apache.catalina.core.StandardContext - Suspicious url pattern: "/*/export*" in context [] - see sections 12.1 and 12.2 of the Servlet specification
2019-09-22 18:07:26.228 [localhost-startStop-1] INFO  o.s.boot.web.servlet.FilterRegistrationBean - Mapping filter: 'delegatingFilterProxy' to: [/*]
2019-09-22 18:07:26.228 [localhost-startStop-1] INFO  o.s.boot.web.servlet.FilterRegistrationBean - Mapping filter: 'myPermissionsAuthorizationFilter' to: [/*]
2019-09-22 18:07:26.228 [localhost-startStop-1] INFO  o.s.boot.web.servlet.FilterRegistrationBean - Mapping filter: 'shiroFilter' to: [/*]
2019-09-22 18:07:26.228 [localhost-startStop-1] INFO  o.s.boot.web.servlet.ServletRegistrationBean - Servlet dispatcherServlet mapped to [/]
2019-09-22 18:07:26.309 [restartedMain] INFO  o.s.web.servlet.handler.SimpleUrlHandlerMapping - Mapped URL path [/**/favicon.ico] onto handler of type [class org.springframework.web.servlet.resource.ResourceHttpRequestHandler]
2019-09-22 18:07:26.336 [restartedMain] INFO  o.s.w.s.m.m.a.RequestMappingHandlerAdapter - Looking for @ControllerAdvice: org.springframework.boot.web.servlet.context.AnnotationConfigServletWebServerApplicationContext@2c49a687: startup date [Sun Sep 22 18:07:25 CST 2019]; root of context hierarchy
2019-09-22 18:07:26.343 [restartedMain] INFO  o.s.w.s.m.m.a.RequestMappingHandlerMapping - Mapped "{[/IRobotQrCodePayTask/export]}" onto public org.springframework.web.servlet.ModelAndView web.template.controller.IRobotQrCodePayTaskController.export(web.template.params.db1.codeGenerator.IRobotQrCodePayTaskParams,java.lang.String,int,int)
2019-09-22 18:07:26.343 [restartedMain] INFO  o.s.w.s.m.m.a.RequestMappingHandlerMapping - Mapped "{[/IRobotQrCodePayTask/page]}" onto public com.txj.common.entity.Result web.template.controller.IRobotQrCodePayTaskController.page(web.template.params.db1.codeGenerator.IRobotQrCodePayTaskParams,int,int)
2019-09-22 18:07:26.344 [restartedMain] INFO  o.s.w.s.m.m.a.RequestMappingHandlerMapping - Mapped "{[/HeartbeatEntity/page]}" onto public com.txj.common.entity.Result web.template.controller.common.HeartbeatEntityController.page(web.template.params.HeartbeatEntityParams,int,int)
2019-09-22 18:07:26.344 [restartedMain] INFO  o.s.w.s.m.m.a.RequestMappingHandlerMapping - Mapped "{[/index/uploadSingleImage]}" onto public com.txj.common.entity.Result web.template.controller.common.IndexController.uploadSingleImage(org.springframework.web.multipart.MultipartFile,javax.servlet.http.HttpServletRequest)
2019-09-22 18:07:26.344 [restartedMain] INFO  o.s.w.s.m.m.a.RequestMappingHandlerMapping - Mapped "{[/index/anonymousRealTime]}" onto public final com.txj.common.entity.Result web.template.controller.common.IndexController.anonymousRealTime(java.lang.String,java.lang.String,java.lang.String)
2019-09-22 18:07:26.345 [restartedMain] INFO  o.s.w.s.m.m.a.RequestMappingHandlerMapping - Mapped "{[/index/loadLeftMenus]}" onto public com.txj.common.entity.Result web.template.controller.common.IndexController.loadLeftMenus()
2019-09-22 18:07:26.345 [restartedMain] INFO  o.s.w.s.m.m.a.RequestMappingHandlerMapping - Mapped "{[/index/realTime]}" onto public final com.txj.common.entity.Result web.template.controller.common.IndexController.realTime(java.lang.String,java.lang.String)
2019-09-22 18:07:26.345 [restartedMain] INFO  o.s.w.s.m.m.a.RequestMappingHandlerMapping - Mapped "{[/index/loadLoginData]}" onto public com.txj.common.entity.Result web.template.controller.common.IndexController.loadLoginData()
2019-09-22 18:07:26.345 [restartedMain] INFO  o.s.w.s.m.m.a.RequestMappingHandlerMapping - Mapped "{[/index/downFile]}" onto public void web.template.controller.common.IndexController.downFile(java.lang.String,java.lang.String,javax.servlet.http.HttpServletResponse)
2019-09-22 18:07:26.345 [restartedMain] INFO  o.s.w.s.m.m.a.RequestMappingHandlerMapping - Mapped "{[/index/showImage]}" onto public com.txj.common.entity.Result web.template.controller.common.IndexController.showImage(java.lang.String,javax.servlet.http.HttpServletRequest,javax.servlet.http.HttpServletResponse)
2019-09-22 18:07:26.345 [restartedMain] INFO  o.s.w.s.m.m.a.RequestMappingHandlerMapping - Mapped "{[/index/singleImageCrop]}" onto public com.txj.common.entity.Result web.template.controller.common.IndexController.singleImageCrop(java.lang.String,int,int,int,int,int,int,javax.servlet.http.HttpServletRequest)
2019-09-22 18:07:26.345 [restartedMain] INFO  o.s.w.s.m.m.a.RequestMappingHandlerMapping - Mapped "{[/index/uploadFiles]}" onto public com.txj.common.entity.Result web.template.controller.common.IndexController.uploadFiles(org.springframework.web.multipart.MultipartFile,javax.servlet.http.HttpServletRequest)
2019-09-22 18:07:26.345 [restartedMain] INFO  o.s.w.s.m.m.a.RequestMappingHandlerMapping - Mapped "{[/LogEntity/load]}" onto public com.txj.common.entity.Result web.template.controller.common.LogEntityController.load(java.lang.Long)
2019-09-22 18:07:26.346 [restartedMain] INFO  o.s.w.s.m.m.a.RequestMappingHandlerMapping - Mapped "{[/LogEntity/page]}" onto public com.txj.common.entity.Result web.template.controller.common.LogEntityController.page(web.template.params.LogEntityParams,int,int)
2019-09-22 18:07:26.346 [restartedMain] INFO  o.s.w.s.m.m.a.RequestMappingHandlerMapping - Mapped "{[/session/verificationCode]}" onto public void web.template.controller.common.SessionController.verificationCode(javax.servlet.http.HttpServletResponse)
2019-09-22 18:07:26.346 [restartedMain] INFO  o.s.w.s.m.m.a.RequestMappingHandlerMapping - Mapped "{[/session/logout]}" onto public com.txj.common.entity.Result web.template.controller.common.SessionController.logout()
2019-09-22 18:07:26.347 [restartedMain] INFO  o.s.w.s.m.m.a.RequestMappingHandlerMapping - Mapped "{[/error]}" onto public org.springframework.http.ResponseEntity<java.util.Map<java.lang.String, java.lang.Object>> org.springframework.boot.autoconfigure.web.servlet.error.BasicErrorController.error(javax.servlet.http.HttpServletRequest)
2019-09-22 18:07:26.347 [restartedMain] INFO  o.s.w.s.m.m.a.RequestMappingHandlerMapping - Mapped "{[/error],produces=[text/html]}" onto public org.springframework.web.servlet.ModelAndView org.springframework.boot.autoconfigure.web.servlet.error.BasicErrorController.errorHtml(javax.servlet.http.HttpServletRequest,javax.servlet.http.HttpServletResponse)
2019-09-22 18:07:26.352 [restartedMain] INFO  o.s.web.servlet.handler.SimpleUrlHandlerMapping - Mapped URL path [/webjars/**] onto handler of type [class org.springframework.web.servlet.resource.ResourceHttpRequestHandler]
2019-09-22 18:07:26.352 [restartedMain] INFO  o.s.web.servlet.handler.SimpleUrlHandlerMapping - Mapped URL path [/**] onto handler of type [class org.springframework.web.servlet.resource.ResourceHttpRequestHandler]
2019-09-22 18:07:26.362 [restartedMain] INFO  o.s.b.a.web.servlet.WelcomePageHandlerMapping - Adding welcome page: ServletContext resource [/index.html]
2019-09-22 18:07:26.416 [restartedMain] INFO  o.s.b.d.autoconfigure.OptionalLiveReloadServer - LiveReload server is running on port 35729
2019-09-22 18:07:26.424 [restartedMain] INFO  o.s.jmx.export.annotation.AnnotationMBeanExporter - Registering beans for JMX exposure on startup
2019-09-22 18:07:26.425 [restartedMain] INFO  o.s.jmx.export.annotation.AnnotationMBeanExporter - Bean with name 'db1DataSource' has been autodetected for JMX exposure
2019-09-22 18:07:26.426 [restartedMain] INFO  o.s.jmx.export.annotation.AnnotationMBeanExporter - Located MBean 'db1DataSource': registering with JMX server as MBean [com.alibaba.druid.pool:name=db1DataSource,type=DruidDataSource]
2019-09-22 18:07:26.434 [restartedMain] INFO  o.s.boot.web.embedded.tomcat.TomcatWebServer - Tomcat started on port(s): 8088 (http) with context path ''
2019-09-22 18:07:26.435 [restartedMain] INFO  web.template.TemplateApplication - Started TemplateApplication in 1.066 seconds (JVM running for 485.249)
2019-09-22 18:07:26.437 [restartedMain] INFO  o.s.b.d.a.ConditionEvaluationDeltaLoggingListener - Condition evaluation unchanged
2019-09-22 18:07:50.035 [Thread-39] INFO  o.s.b.w.s.c.AnnotationConfigServletWebServerApplicationContext - Closing org.springframework.boot.web.servlet.context.AnnotationConfigServletWebServerApplicationContext@2c49a687: startup date [Sun Sep 22 18:07:25 CST 2019]; root of context hierarchy
2019-09-22 18:07:50.042 [Thread-39] INFO  o.s.jmx.export.annotation.AnnotationMBeanExporter - Unregistering JMX-exposed beans on shutdown
2019-09-22 18:07:50.043 [Thread-39] INFO  o.s.jmx.export.annotation.AnnotationMBeanExporter - Unregistering JMX-exposed beans
2019-09-22 18:07:50.046 [Thread-39] INFO  com.alibaba.druid.pool.DruidDataSource - {dataSource-0} closing ...
2019-09-22 18:07:50.339 [restartedMain] INFO  web.template.TemplateApplication - Starting TemplateApplication on DESKTOP-3UIND36 with PID 10496 (D:\git_project\myhelper\java\web\target\classes started by admin in D:\git_project\myhelper\java\web)
2019-09-22 18:07:50.339 [restartedMain] INFO  web.template.TemplateApplication - No active profile set, falling back to default profiles: default
2019-09-22 18:07:50.341 [restartedMain] INFO  o.s.b.w.s.c.AnnotationConfigServletWebServerApplicationContext - Refreshing org.springframework.boot.web.servlet.context.AnnotationConfigServletWebServerApplicationContext@2eb81140: startup date [Sun Sep 22 18:07:50 CST 2019]; root of context hierarchy
2019-09-22 18:07:50.745 [restartedMain] INFO  o.s.c.s.PostProcessorRegistrationDelegate$BeanPostProcessorChecker - Bean 'org.springframework.transaction.annotation.ProxyTransactionManagementConfiguration' of type [org.springframework.transaction.annotation.ProxyTransactionManagementConfiguration$$EnhancerBySpringCGLIB$$eac101bf] is not eligible for getting processed by all BeanPostProcessors (for example: not eligible for auto-proxying)
2019-09-22 18:07:50.749 [restartedMain] INFO  o.s.c.s.PostProcessorRegistrationDelegate$BeanPostProcessorChecker - Bean 'beans' of type [web.template.config.Beans$$EnhancerBySpringCGLIB$$71c3b915] is not eligible for getting processed by all BeanPostProcessors (for example: not eligible for auto-proxying)
2019-09-22 18:07:50.880 [restartedMain] INFO  o.s.c.s.PostProcessorRegistrationDelegate$BeanPostProcessorChecker - Bean 'snowFlakeHelper' of type [com.txj.common.SnowFlakeHelper] is not eligible for getting processed by all BeanPostProcessors (for example: not eligible for auto-proxying)
2019-09-22 18:07:50.884 [restartedMain] INFO  o.s.c.s.PostProcessorRegistrationDelegate$BeanPostProcessorChecker - Bean 'myBatisDb1Config' of type [web.template.config.MyBatisDb1Config$$EnhancerBySpringCGLIB$$c19d4ef8] is not eligible for getting processed by all BeanPostProcessors (for example: not eligible for auto-proxying)
2019-09-22 18:07:50.890 [restartedMain] INFO  o.s.c.s.PostProcessorRegistrationDelegate$BeanPostProcessorChecker - Bean 'org.springframework.boot.context.properties.ConversionServiceDeducer$Factory' of type [org.springframework.boot.context.properties.ConversionServiceDeducer$Factory] is not eligible for getting processed by all BeanPostProcessors (for example: not eligible for auto-proxying)
2019-09-22 18:07:50.893 [restartedMain] INFO  o.s.c.s.PostProcessorRegistrationDelegate$BeanPostProcessorChecker - Bean 'db1DataSourceProperties' of type [org.springframework.boot.autoconfigure.jdbc.DataSourceProperties] is not eligible for getting processed by all BeanPostProcessors (for example: not eligible for auto-proxying)
2019-09-22 18:07:50.895 [restartedMain] INFO  o.s.c.s.PostProcessorRegistrationDelegate$BeanPostProcessorChecker - Bean 'db1DataSource' of type [com.alibaba.druid.pool.DruidDataSource] is not eligible for getting processed by all BeanPostProcessors (for example: not eligible for auto-proxying)
2019-09-22 18:07:50.898 [restartedMain] INFO  o.s.c.s.PostProcessorRegistrationDelegate$BeanPostProcessorChecker - Bean 'org.springframework.boot.autoconfigure.jdbc.DataSourceInitializerInvoker' of type [org.springframework.boot.autoconfigure.jdbc.DataSourceInitializerInvoker] is not eligible for getting processed by all BeanPostProcessors (for example: not eligible for auto-proxying)
2019-09-22 18:07:50.957 [restartedMain] INFO  o.s.c.s.PostProcessorRegistrationDelegate$BeanPostProcessorChecker - Bean 'db1SqlSessionFactory' of type [org.apache.ibatis.session.defaults.DefaultSqlSessionFactory] is not eligible for getting processed by all BeanPostProcessors (for example: not eligible for auto-proxying)
2019-09-22 18:07:50.958 [restartedMain] INFO  o.s.c.s.PostProcessorRegistrationDelegate$BeanPostProcessorChecker - Bean 'db1SqlSessionTemplate' of type [org.mybatis.spring.SqlSessionTemplate] is not eligible for getting processed by all BeanPostProcessors (for example: not eligible for auto-proxying)
2019-09-22 18:07:50.958 [restartedMain] INFO  o.s.c.s.PostProcessorRegistrationDelegate$BeanPostProcessorChecker - Bean 'IRobotUserMapper' of type [org.mybatis.spring.mapper.MapperFactoryBean] is not eligible for getting processed by all BeanPostProcessors (for example: not eligible for auto-proxying)
2019-09-22 18:07:50.959 [restartedMain] INFO  o.s.c.s.PostProcessorRegistrationDelegate$BeanPostProcessorChecker - Bean 'IRobotUserMapper' of type [com.sun.proxy.$Proxy115] is not eligible for getting processed by all BeanPostProcessors (for example: not eligible for auto-proxying)
2019-09-22 18:07:50.959 [restartedMain] INFO  o.s.c.s.PostProcessorRegistrationDelegate$BeanPostProcessorChecker - Bean 'IRobotUserService' of type [web.template.service.IRobotUserService] is not eligible for getting processed by all BeanPostProcessors (for example: not eligible for auto-proxying)
2019-09-22 18:07:50.962 [restartedMain] INFO  o.s.c.s.PostProcessorRegistrationDelegate$BeanPostProcessorChecker - Bean 'userRealm' of type [web.template.shiro.UserRealm] is not eligible for getting processed by all BeanPostProcessors (for example: not eligible for auto-proxying)
2019-09-22 18:07:50.966 [restartedMain] INFO  o.s.c.s.PostProcessorRegistrationDelegate$BeanPostProcessorChecker - Bean 'myPermissionResolver' of type [web.template.shiro.MyPermissionResolver] is not eligible for getting processed by all BeanPostProcessors (for example: not eligible for auto-proxying)
2019-09-22 18:07:50.967 [restartedMain] INFO  o.s.c.s.PostProcessorRegistrationDelegate$BeanPostProcessorChecker - Bean 'modularRealmAuthorizer' of type [org.apache.shiro.authz.ModularRealmAuthorizer] is not eligible for getting processed by all BeanPostProcessors (for example: not eligible for auto-proxying)
2019-09-22 18:07:50.968 [restartedMain] INFO  o.s.c.s.PostProcessorRegistrationDelegate$BeanPostProcessorChecker - Bean 'securityManager' of type [org.apache.shiro.web.mgt.DefaultWebSecurityManager] is not eligible for getting processed by all BeanPostProcessors (for example: not eligible for auto-proxying)
2019-09-22 18:07:50.979 [restartedMain] INFO  o.s.c.s.PostProcessorRegistrationDelegate$BeanPostProcessorChecker - Bean 'objectMapper' of type [com.fasterxml.jackson.databind.ObjectMapper] is not eligible for getting processed by all BeanPostProcessors (for example: not eligible for auto-proxying)
2019-09-22 18:07:50.981 [restartedMain] INFO  o.s.c.s.PostProcessorRegistrationDelegate$BeanPostProcessorChecker - Bean 'myPermissionsAuthorizationFilter' of type [web.template.shiro.MyPermissionsAuthorizationFilter] is not eligible for getting processed by all BeanPostProcessors (for example: not eligible for auto-proxying)
2019-09-22 18:07:51.027 [restartedMain] INFO  o.s.boot.web.embedded.tomcat.TomcatWebServer - Tomcat initialized with port(s): 8088 (http)
2019-09-22 18:07:51.029 [restartedMain] INFO  org.apache.catalina.core.StandardService - Starting service [Tomcat]
2019-09-22 18:07:51.029 [restartedMain] INFO  org.apache.catalina.core.StandardEngine - Starting Servlet Engine: Apache Tomcat/8.5.29
2019-09-22 18:07:51.058 [localhost-startStop-1] INFO  o.a.c.core.ContainerBase.[Tomcat].[localhost].[/] - Initializing Spring embedded WebApplicationContext
2019-09-22 18:07:51.059 [localhost-startStop-1] INFO  org.springframework.web.context.ContextLoader - Root WebApplicationContext: initialization completed in 718 ms
2019-09-22 18:07:51.078 [localhost-startStop-1] INFO  o.s.boot.web.servlet.FilterRegistrationBean - Mapping filter: 'characterEncodingFilter' to: [/*]
2019-09-22 18:07:51.078 [localhost-startStop-1] INFO  o.s.boot.web.servlet.FilterRegistrationBean - Mapping filter: 'hiddenHttpMethodFilter' to: [/*]
2019-09-22 18:07:51.078 [localhost-startStop-1] INFO  o.s.boot.web.servlet.FilterRegistrationBean - Mapping filter: 'httpPutFormContentFilter' to: [/*]
2019-09-22 18:07:51.078 [localhost-startStop-1] INFO  o.s.boot.web.servlet.FilterRegistrationBean - Mapping filter: 'requestContextFilter' to: [/*]
2019-09-22 18:07:51.078 [localhost-startStop-1] INFO  o.s.boot.web.servlet.FilterRegistrationBean - Mapping filter: 'compressFilter' to urls: [/index/loadLeftMenus, /index/loadLoginData, /*/page*, /*/export*]
2019-09-22 18:07:51.078 [localhost-startStop-1] INFO  org.apache.catalina.core.StandardContext - Suspicious url pattern: "/*/page*" in context [] - see sections 12.1 and 12.2 of the Servlet specification
2019-09-22 18:07:51.078 [localhost-startStop-1] INFO  org.apache.catalina.core.StandardContext - Suspicious url pattern: "/*/export*" in context [] - see sections 12.1 and 12.2 of the Servlet specification
2019-09-22 18:07:51.078 [localhost-startStop-1] INFO  o.s.boot.web.servlet.FilterRegistrationBean - Mapping filter: 'delegatingFilterProxy' to: [/*]
2019-09-22 18:07:51.078 [localhost-startStop-1] INFO  o.s.boot.web.servlet.FilterRegistrationBean - Mapping filter: 'myPermissionsAuthorizationFilter' to: [/*]
2019-09-22 18:07:51.078 [localhost-startStop-1] INFO  o.s.boot.web.servlet.FilterRegistrationBean - Mapping filter: 'shiroFilter' to: [/*]
2019-09-22 18:07:51.078 [localhost-startStop-1] INFO  o.s.boot.web.servlet.ServletRegistrationBean - Servlet dispatcherServlet mapped to [/]
2019-09-22 18:07:51.167 [restartedMain] INFO  o.s.web.servlet.handler.SimpleUrlHandlerMapping - Mapped URL path [/**/favicon.ico] onto handler of type [class org.springframework.web.servlet.resource.ResourceHttpRequestHandler]
2019-09-22 18:07:51.194 [restartedMain] INFO  o.s.w.s.m.m.a.RequestMappingHandlerAdapter - Looking for @ControllerAdvice: org.springframework.boot.web.servlet.context.AnnotationConfigServletWebServerApplicationContext@2eb81140: startup date [Sun Sep 22 18:07:50 CST 2019]; root of context hierarchy
2019-09-22 18:07:51.201 [restartedMain] INFO  o.s.w.s.m.m.a.RequestMappingHandlerMapping - Mapped "{[/IRobotQrCodePayTask/export]}" onto public org.springframework.web.servlet.ModelAndView web.template.controller.IRobotQrCodePayTaskController.export(web.template.params.db1.codeGenerator.IRobotQrCodePayTaskParams,java.lang.String,int,int)
2019-09-22 18:07:51.201 [restartedMain] INFO  o.s.w.s.m.m.a.RequestMappingHandlerMapping - Mapped "{[/IRobotQrCodePayTask/page]}" onto public com.txj.common.entity.Result web.template.controller.IRobotQrCodePayTaskController.page(web.template.params.db1.codeGenerator.IRobotQrCodePayTaskParams,int,int)
2019-09-22 18:07:51.201 [restartedMain] INFO  o.s.w.s.m.m.a.RequestMappingHandlerMapping - Mapped "{[/HeartbeatEntity/page]}" onto public com.txj.common.entity.Result web.template.controller.common.HeartbeatEntityController.page(web.template.params.HeartbeatEntityParams,int,int)
2019-09-22 18:07:51.202 [restartedMain] INFO  o.s.w.s.m.m.a.RequestMappingHandlerMapping - Mapped "{[/index/uploadSingleImage]}" onto public com.txj.common.entity.Result web.template.controller.common.IndexController.uploadSingleImage(org.springframework.web.multipart.MultipartFile,javax.servlet.http.HttpServletRequest)
2019-09-22 18:07:51.202 [restartedMain] INFO  o.s.w.s.m.m.a.RequestMappingHandlerMapping - Mapped "{[/index/anonymousRealTime]}" onto public final com.txj.common.entity.Result web.template.controller.common.IndexController.anonymousRealTime(java.lang.String,java.lang.String,java.lang.String)
2019-09-22 18:07:51.202 [restartedMain] INFO  o.s.w.s.m.m.a.RequestMappingHandlerMapping - Mapped "{[/index/loadLeftMenus]}" onto public com.txj.common.entity.Result web.template.controller.common.IndexController.loadLeftMenus()
2019-09-22 18:07:51.202 [restartedMain] INFO  o.s.w.s.m.m.a.RequestMappingHandlerMapping - Mapped "{[/index/realTime]}" onto public final com.txj.common.entity.Result web.template.controller.common.IndexController.realTime(java.lang.String,java.lang.String)
2019-09-22 18:07:51.202 [restartedMain] INFO  o.s.w.s.m.m.a.RequestMappingHandlerMapping - Mapped "{[/index/loadLoginData]}" onto public com.txj.common.entity.Result web.template.controller.common.IndexController.loadLoginData()
2019-09-22 18:07:51.203 [restartedMain] INFO  o.s.w.s.m.m.a.RequestMappingHandlerMapping - Mapped "{[/index/downFile]}" onto public void web.template.controller.common.IndexController.downFile(java.lang.String,java.lang.String,javax.servlet.http.HttpServletResponse)
2019-09-22 18:07:51.203 [restartedMain] INFO  o.s.w.s.m.m.a.RequestMappingHandlerMapping - Mapped "{[/index/showImage]}" onto public com.txj.common.entity.Result web.template.controller.common.IndexController.showImage(java.lang.String,javax.servlet.http.HttpServletRequest,javax.servlet.http.HttpServletResponse)
2019-09-22 18:07:51.203 [restartedMain] INFO  o.s.w.s.m.m.a.RequestMappingHandlerMapping - Mapped "{[/index/singleImageCrop]}" onto public com.txj.common.entity.Result web.template.controller.common.IndexController.singleImageCrop(java.lang.String,int,int,int,int,int,int,javax.servlet.http.HttpServletRequest)
2019-09-22 18:07:51.203 [restartedMain] INFO  o.s.w.s.m.m.a.RequestMappingHandlerMapping - Mapped "{[/index/uploadFiles]}" onto public com.txj.common.entity.Result web.template.controller.common.IndexController.uploadFiles(org.springframework.web.multipart.MultipartFile,javax.servlet.http.HttpServletRequest)
2019-09-22 18:07:51.203 [restartedMain] INFO  o.s.w.s.m.m.a.RequestMappingHandlerMapping - Mapped "{[/LogEntity/load]}" onto public com.txj.common.entity.Result web.template.controller.common.LogEntityController.load(java.lang.Long)
2019-09-22 18:07:51.204 [restartedMain] INFO  o.s.w.s.m.m.a.RequestMappingHandlerMapping - Mapped "{[/LogEntity/page]}" onto public com.txj.common.entity.Result web.template.controller.common.LogEntityController.page(web.template.params.LogEntityParams,int,int)
2019-09-22 18:07:51.204 [restartedMain] INFO  o.s.w.s.m.m.a.RequestMappingHandlerMapping - Mapped "{[/session/verificationCode]}" onto public void web.template.controller.common.SessionController.verificationCode(javax.servlet.http.HttpServletResponse)
2019-09-22 18:07:51.204 [restartedMain] INFO  o.s.w.s.m.m.a.RequestMappingHandlerMapping - Mapped "{[/session/logout]}" onto public com.txj.common.entity.Result web.template.controller.common.SessionController.logout()
2019-09-22 18:07:51.205 [restartedMain] INFO  o.s.w.s.m.m.a.RequestMappingHandlerMapping - Mapped "{[/error]}" onto public org.springframework.http.ResponseEntity<java.util.Map<java.lang.String, java.lang.Object>> org.springframework.boot.autoconfigure.web.servlet.error.BasicErrorController.error(javax.servlet.http.HttpServletRequest)
2019-09-22 18:07:51.205 [restartedMain] INFO  o.s.w.s.m.m.a.RequestMappingHandlerMapping - Mapped "{[/error],produces=[text/html]}" onto public org.springframework.web.servlet.ModelAndView org.springframework.boot.autoconfigure.web.servlet.error.BasicErrorController.errorHtml(javax.servlet.http.HttpServletRequest,javax.servlet.http.HttpServletResponse)
2019-09-22 18:07:51.210 [restartedMain] INFO  o.s.web.servlet.handler.SimpleUrlHandlerMapping - Mapped URL path [/webjars/**] onto handler of type [class org.springframework.web.servlet.resource.ResourceHttpRequestHandler]
2019-09-22 18:07:51.210 [restartedMain] INFO  o.s.web.servlet.handler.SimpleUrlHandlerMapping - Mapped URL path [/**] onto handler of type [class org.springframework.web.servlet.resource.ResourceHttpRequestHandler]
2019-09-22 18:07:51.220 [restartedMain] INFO  o.s.b.a.web.servlet.WelcomePageHandlerMapping - Adding welcome page: ServletContext resource [/index.html]
2019-09-22 18:07:51.271 [restartedMain] INFO  o.s.b.d.autoconfigure.OptionalLiveReloadServer - LiveReload server is running on port 35729
2019-09-22 18:07:51.279 [restartedMain] INFO  o.s.jmx.export.annotation.AnnotationMBeanExporter - Registering beans for JMX exposure on startup
2019-09-22 18:07:51.280 [restartedMain] INFO  o.s.jmx.export.annotation.AnnotationMBeanExporter - Bean with name 'db1DataSource' has been autodetected for JMX exposure
2019-09-22 18:07:51.281 [restartedMain] INFO  o.s.jmx.export.annotation.AnnotationMBeanExporter - Located MBean 'db1DataSource': registering with JMX server as MBean [com.alibaba.druid.pool:name=db1DataSource,type=DruidDataSource]
2019-09-22 18:07:51.294 [restartedMain] INFO  o.s.boot.web.embedded.tomcat.TomcatWebServer - Tomcat started on port(s): 8088 (http) with context path ''
2019-09-22 18:07:51.295 [restartedMain] INFO  web.template.TemplateApplication - Started TemplateApplication in 0.99 seconds (JVM running for 510.109)
2019-09-22 18:07:51.297 [restartedMain] INFO  o.s.b.d.a.ConditionEvaluationDeltaLoggingListener - Condition evaluation unchanged
2019-09-22 18:14:36.678 [Thread-45] INFO  o.s.b.w.s.c.AnnotationConfigServletWebServerApplicationContext - Closing org.springframework.boot.web.servlet.context.AnnotationConfigServletWebServerApplicationContext@2eb81140: startup date [Sun Sep 22 18:07:50 CST 2019]; root of context hierarchy
2019-09-22 18:14:36.679 [Thread-45] INFO  o.s.jmx.export.annotation.AnnotationMBeanExporter - Unregistering JMX-exposed beans on shutdown
2019-09-22 18:14:36.681 [Thread-45] INFO  o.s.jmx.export.annotation.AnnotationMBeanExporter - Unregistering JMX-exposed beans
2019-09-22 18:14:36.686 [Thread-45] INFO  com.alibaba.druid.pool.DruidDataSource - {dataSource-0} closing ...
2019-09-22 18:14:36.996 [restartedMain] ERROR org.springframework.boot.SpringApplication -
				Application run failed
java.lang.IllegalStateException: Logback configuration error detected: 
ERROR in ch.qos.logback.core.joran.spi.Interpreter@34:18 - no applicable action for [driverClass], current ElementPath  is [[configuration][appender][connectionSource][dataSource][driverClass]]
ERROR in ch.qos.logback.core.joran.spi.Interpreter@35:11 - no applicable action for [user], current ElementPath  is [[configuration][appender][connectionSource][dataSource][user]]
ERROR in ch.qos.logback.core.joran.spi.Interpreter@38:72 - no applicable action for [sqlDialect], current ElementPath  is [[configuration][appender][connectionSource][dataSource][sqlDialect]]
ERROR in ch.qos.logback.core.joran.spi.Interpreter@44:13 - RuntimeException in Action for tag [appender] java.lang.IllegalStateException: DBAppender cannot function if the JDBC driver does not support getGeneratedKeys method *and* without a specific SQL dialect
	at org.springframework.boot.logging.logback.LogbackLoggingSystem.loadConfiguration(LogbackLoggingSystem.java:166)
	at org.springframework.boot.logging.logback.LogbackLoggingSystem.reinitialize(LogbackLoggingSystem.java:212)
	at org.springframework.boot.logging.AbstractLoggingSystem.initializeWithConventions(AbstractLoggingSystem.java:75)
	at org.springframework.boot.logging.AbstractLoggingSystem.initialize(AbstractLoggingSystem.java:60)
	at org.springframework.boot.logging.logback.LogbackLoggingSystem.initialize(LogbackLoggingSystem.java:114)
	at org.springframework.boot.context.logging.LoggingApplicationListener.initializeSystem(LoggingApplicationListener.java:264)
	at org.springframework.boot.context.logging.LoggingApplicationListener.initialize(LoggingApplicationListener.java:237)
	at org.springframework.boot.context.logging.LoggingApplicationListener.onApplicationEnvironmentPreparedEvent(LoggingApplicationListener.java:200)
	at org.springframework.boot.context.logging.LoggingApplicationListener.onApplicationEvent(LoggingApplicationListener.java:173)
	at org.springframework.context.event.SimpleApplicationEventMulticaster.doInvokeListener(SimpleApplicationEventMulticaster.java:172)
	at org.springframework.context.event.SimpleApplicationEventMulticaster.invokeListener(SimpleApplicationEventMulticaster.java:165)
	at org.springframework.context.event.SimpleApplicationEventMulticaster.multicastEvent(SimpleApplicationEventMulticaster.java:139)
	at org.springframework.context.event.SimpleApplicationEventMulticaster.multicastEvent(SimpleApplicationEventMulticaster.java:127)
	at org.springframework.boot.context.event.EventPublishingRunListener.environmentPrepared(EventPublishingRunListener.java:74)
	at org.springframework.boot.SpringApplicationRunListeners.environmentPrepared(SpringApplicationRunListeners.java:54)
	at org.springframework.boot.SpringApplication.prepareEnvironment(SpringApplication.java:358)
	at org.springframework.boot.SpringApplication.run(SpringApplication.java:317)
	at org.springframework.boot.SpringApplication.run(SpringApplication.java:1255)
	at org.springframework.boot.SpringApplication.run(SpringApplication.java:1243)
	at web.template.TemplateApplication.main(TemplateApplication.java:15)
	at sun.reflect.NativeMethodAccessorImpl.invoke0(Native Method)
	at sun.reflect.NativeMethodAccessorImpl.invoke(NativeMethodAccessorImpl.java:62)
	at sun.reflect.DelegatingMethodAccessorImpl.invoke(DelegatingMethodAccessorImpl.java:43)
	at java.lang.reflect.Method.invoke(Method.java:497)
	at org.springframework.boot.devtools.restart.RestartLauncher.run(RestartLauncher.java:49)
2019-09-22 18:15:21.420 [restartedMain] ERROR org.springframework.boot.SpringApplication -
				Application run failed
java.lang.IllegalStateException: Logback configuration error detected: 
ERROR in ch.qos.logback.core.joran.spi.Interpreter@39:18 - no applicable action for [driverClass], current ElementPath  is [[configuration][appender][connectionSource][dataSource][driverClass]]
ERROR in ch.qos.logback.core.joran.spi.Interpreter@40:11 - no applicable action for [user], current ElementPath  is [[configuration][appender][connectionSource][dataSource][user]]
ERROR in ch.qos.logback.core.joran.spi.Interpreter@43:72 - no applicable action for [sqlDialect], current ElementPath  is [[configuration][appender][connectionSource][dataSource][sqlDialect]]
ERROR in ch.qos.logback.core.joran.spi.Interpreter@49:13 - RuntimeException in Action for tag [appender] java.lang.IllegalStateException: DBAppender cannot function if the JDBC driver does not support getGeneratedKeys method *and* without a specific SQL dialect
	at org.springframework.boot.logging.logback.LogbackLoggingSystem.loadConfiguration(LogbackLoggingSystem.java:166)
	at org.springframework.boot.logging.logback.LogbackLoggingSystem.reinitialize(LogbackLoggingSystem.java:212)
	at org.springframework.boot.logging.AbstractLoggingSystem.initializeWithConventions(AbstractLoggingSystem.java:75)
	at org.springframework.boot.logging.AbstractLoggingSystem.initialize(AbstractLoggingSystem.java:60)
	at org.springframework.boot.logging.logback.LogbackLoggingSystem.initialize(LogbackLoggingSystem.java:114)
	at org.springframework.boot.context.logging.LoggingApplicationListener.initializeSystem(LoggingApplicationListener.java:264)
	at org.springframework.boot.context.logging.LoggingApplicationListener.initialize(LoggingApplicationListener.java:237)
	at org.springframework.boot.context.logging.LoggingApplicationListener.onApplicationEnvironmentPreparedEvent(LoggingApplicationListener.java:200)
	at org.springframework.boot.context.logging.LoggingApplicationListener.onApplicationEvent(LoggingApplicationListener.java:173)
	at org.springframework.context.event.SimpleApplicationEventMulticaster.doInvokeListener(SimpleApplicationEventMulticaster.java:172)
	at org.springframework.context.event.SimpleApplicationEventMulticaster.invokeListener(SimpleApplicationEventMulticaster.java:165)
	at org.springframework.context.event.SimpleApplicationEventMulticaster.multicastEvent(SimpleApplicationEventMulticaster.java:139)
	at org.springframework.context.event.SimpleApplicationEventMulticaster.multicastEvent(SimpleApplicationEventMulticaster.java:127)
	at org.springframework.boot.context.event.EventPublishingRunListener.environmentPrepared(EventPublishingRunListener.java:74)
	at org.springframework.boot.SpringApplicationRunListeners.environmentPrepared(SpringApplicationRunListeners.java:54)
	at org.springframework.boot.SpringApplication.prepareEnvironment(SpringApplication.java:358)
	at org.springframework.boot.SpringApplication.run(SpringApplication.java:317)
	at org.springframework.boot.SpringApplication.run(SpringApplication.java:1255)
	at org.springframework.boot.SpringApplication.run(SpringApplication.java:1243)
	at web.template.TemplateApplication.main(TemplateApplication.java:15)
	at sun.reflect.NativeMethodAccessorImpl.invoke0(Native Method)
	at sun.reflect.NativeMethodAccessorImpl.invoke(NativeMethodAccessorImpl.java:62)
	at sun.reflect.DelegatingMethodAccessorImpl.invoke(DelegatingMethodAccessorImpl.java:43)
	at java.lang.reflect.Method.invoke(Method.java:497)
	at org.springframework.boot.devtools.restart.RestartLauncher.run(RestartLauncher.java:49)
